[08-Jun-2015 05:12:33 UTC] PHP Fatal error:  Call to a member function display() on null in /Users/fumio/Projects.localized/Jumilla/wordpress+/wordpress/wp-admin/includes/plugin-install.php on line 255
[08-Jun-2015 05:12:33 UTC] PHP Stack trace:
[08-Jun-2015 05:12:33 UTC] PHP   1. {main}() /Users/fumio/Projects.localized/Jumilla/wordpress+/server.php:0
[08-Jun-2015 05:12:33 UTC] PHP   2. require_once() /Users/fumio/Projects.localized/Jumilla/wordpress+/server.php:12
[08-Jun-2015 05:12:33 UTC] PHP   3. Laravel\Lumen\Application->run() /Users/fumio/Projects.localized/Jumilla/wordpress+/public/index.php:28
[08-Jun-2015 05:12:33 UTC] PHP   4. Laravel\Lumen\Application->dispatch() /Users/fumio/Projects.localized/Jumilla/wordpress+/vendor/laravel/lumen-framework/src/Application.php:1037
[08-Jun-2015 05:12:33 UTC] PHP   5. Laravel\Lumen\Application->sendThroughPipeline() /Users/fumio/Projects.localized/Jumilla/wordpress+/vendor/laravel/lumen-framework/src/Application.php:1099
[08-Jun-2015 05:12:33 UTC] PHP   6. Laravel\Lumen\Application->Laravel\Lumen\{closure}() /Users/fumio/Projects.localized/Jumilla/wordpress+/vendor/laravel/lumen-framework/src/Application.php:1320
[08-Jun-2015 05:12:33 UTC] PHP   7. Laravel\Lumen\Application->handleFoundRoute() /Users/fumio/Projects.localized/Jumilla/wordpress+/vendor/laravel/lumen-framework/src/Application.php:1093
[08-Jun-2015 05:12:33 UTC] PHP   8. Laravel\Lumen\Application->callActionOnArrayBasedRoute() /Users/fumio/Projects.localized/Jumilla/wordpress+/vendor/laravel/lumen-framework/src/Application.php:1171
[08-Jun-2015 05:12:33 UTC] PHP   9. Laravel\Lumen\Application->callControllerAction() /Users/fumio/Projects.localized/Jumilla/wordpress+/vendor/laravel/lumen-framework/src/Application.php:1186
[08-Jun-2015 05:12:33 UTC] PHP  10. Laravel\Lumen\Application->callLumenController() /Users/fumio/Projects.localized/Jumilla/wordpress+/vendor/laravel/lumen-framework/src/Application.php:1218
[08-Jun-2015 05:12:33 UTC] PHP  11. Laravel\Lumen\Application->callControllerCallable() /Users/fumio/Projects.localized/Jumilla/wordpress+/vendor/laravel/lumen-framework/src/Application.php:1247
[08-Jun-2015 05:12:33 UTC] PHP  12. Illuminate\Container\Container->call() /Users/fumio/Projects.localized/Jumilla/wordpress+/vendor/laravel/lumen-framework/src/Application.php:1282
[08-Jun-2015 05:12:33 UTC] PHP  13. call_user_func_array:{/Users/fumio/Projects.localized/Jumilla/wordpress+/vendor/illuminate/container/Container.php:523}() /Users/fumio/Projects.localized/Jumilla/wordpress+/vendor/illuminate/container/Container.php:523
[08-Jun-2015 05:12:33 UTC] PHP  14. App\Http\Controllers\WordPressAdminController->pluginInstall() /Users/fumio/Projects.localized/Jumilla/wordpress+/vendor/illuminate/container/Container.php:523
[08-Jun-2015 05:12:33 UTC] PHP  15. require_once() /Users/fumio/Projects.localized/Jumilla/wordpress+/app/Http/Controllers/WordPressAdminController.php:69
[08-Jun-2015 05:12:33 UTC] PHP  16. do_action() /Users/fumio/Projects.localized/Jumilla/wordpress+/wordpress/wp-admin/plugin-install.php:129
[08-Jun-2015 05:12:33 UTC] PHP  17. call_user_func_array:{/Users/fumio/Projects.localized/Jumilla/wordpress+/wordpress/wp-includes/plugin.php:496}() /Users/fumio/Projects.localized/Jumilla/wordpress+/wordpress/wp-includes/plugin.php:496
[08-Jun-2015 05:12:33 UTC] PHP  18. install_dashboard() /Users/fumio/Projects.localized/Jumilla/wordpress+/wordpress/wp-includes/plugin.php:496
[08-Jun-2015 05:12:33 UTC] PHP  19. display_plugins_table() /Users/fumio/Projects.localized/Jumilla/wordpress+/wordpress/wp-admin/includes/plugin-install.php:137
[08-Jun-2015 05:13:39 UTC] PHP Fatal error:  Call to a member function display() on null in /Users/fumio/Projects.localized/Jumilla/wordpress+/wordpress/wp-admin/includes/plugin-install.php on line 255
[08-Jun-2015 05:13:39 UTC] PHP Stack trace:
[08-Jun-2015 05:13:39 UTC] PHP   1. {main}() /Users/fumio/Projects.localized/Jumilla/wordpress+/server.php:0
[08-Jun-2015 05:13:39 UTC] PHP   2. require_once() /Users/fumio/Projects.localized/Jumilla/wordpress+/server.php:12
[08-Jun-2015 05:13:39 UTC] PHP   3. Laravel\Lumen\Application->run() /Users/fumio/Projects.localized/Jumilla/wordpress+/public/index.php:28
[08-Jun-2015 05:13:39 UTC] PHP   4. Laravel\Lumen\Application->dispatch() /Users/fumio/Projects.localized/Jumilla/wordpress+/vendor/laravel/lumen-framework/src/Application.php:1037
[08-Jun-2015 05:13:39 UTC] PHP   5. Laravel\Lumen\Application->sendThroughPipeline() /Users/fumio/Projects.localized/Jumilla/wordpress+/vendor/laravel/lumen-framework/src/Application.php:1099
[08-Jun-2015 05:13:39 UTC] PHP   6. Laravel\Lumen\Application->Laravel\Lumen\{closure}() /Users/fumio/Projects.localized/Jumilla/wordpress+/vendor/laravel/lumen-framework/src/Application.php:1320
[08-Jun-2015 05:13:39 UTC] PHP   7. Laravel\Lumen\Application->handleFoundRoute() /Users/fumio/Projects.localized/Jumilla/wordpress+/vendor/laravel/lumen-framework/src/Application.php:1093
[08-Jun-2015 05:13:39 UTC] PHP   8. Laravel\Lumen\Application->callActionOnArrayBasedRoute() /Users/fumio/Projects.localized/Jumilla/wordpress+/vendor/laravel/lumen-framework/src/Application.php:1171
[08-Jun-2015 05:13:39 UTC] PHP   9. Laravel\Lumen\Application->callControllerAction() /Users/fumio/Projects.localized/Jumilla/wordpress+/vendor/laravel/lumen-framework/src/Application.php:1186
[08-Jun-2015 05:13:39 UTC] PHP  10. Laravel\Lumen\Application->callLumenController() /Users/fumio/Projects.localized/Jumilla/wordpress+/vendor/laravel/lumen-framework/src/Application.php:1218
[08-Jun-2015 05:13:39 UTC] PHP  11. Laravel\Lumen\Application->callControllerCallable() /Users/fumio/Projects.localized/Jumilla/wordpress+/vendor/laravel/lumen-framework/src/Application.php:1247
[08-Jun-2015 05:13:39 UTC] PHP  12. Illuminate\Container\Container->call() /Users/fumio/Projects.localized/Jumilla/wordpress+/vendor/laravel/lumen-framework/src/Application.php:1282
[08-Jun-2015 05:13:39 UTC] PHP  13. call_user_func_array:{/Users/fumio/Projects.localized/Jumilla/wordpress+/vendor/illuminate/container/Container.php:523}() /Users/fumio/Projects.localized/Jumilla/wordpress+/vendor/illuminate/container/Container.php:523
[08-Jun-2015 05:13:39 UTC] PHP  14. App\Http\Controllers\WordPressAdminController->pluginInstall() /Users/fumio/Projects.localized/Jumilla/wordpress+/vendor/illuminate/container/Container.php:523
[08-Jun-2015 05:13:39 UTC] PHP  15. require_once() /Users/fumio/Projects.localized/Jumilla/wordpress+/app/Http/Controllers/WordPressAdminController.php:69
[08-Jun-2015 05:13:39 UTC] PHP  16. do_action() /Users/fumio/Projects.localized/Jumilla/wordpress+/wordpress/wp-admin/plugin-install.php:129
[08-Jun-2015 05:13:39 UTC] PHP  17. call_user_func_array:{/Users/fumio/Projects.localized/Jumilla/wordpress+/wordpress/wp-includes/plugin.php:496}() /Users/fumio/Projects.localized/Jumilla/wordpress+/wordpress/wp-includes/plugin.php:496
[08-Jun-2015 05:13:39 UTC] PHP  18. display_plugins_table() /Users/fumio/Projects.localized/Jumilla/wordpress+/wordpress/wp-includes/plugin.php:496
[08-Jun-2015 05:13:46 UTC] PHP Fatal error:  Call to a member function display() on null in /Users/fumio/Projects.localized/Jumilla/wordpress+/wordpress/wp-admin/includes/plugin-install.php on line 255
[08-Jun-2015 05:13:46 UTC] PHP Stack trace:
[08-Jun-2015 05:13:46 UTC] PHP   1. {main}() /Users/fumio/Projects.localized/Jumilla/wordpress+/server.php:0
[08-Jun-2015 05:13:46 UTC] PHP   2. require_once() /Users/fumio/Projects.localized/Jumilla/wordpress+/server.php:12
[08-Jun-2015 05:13:46 UTC] PHP   3. Laravel\Lumen\Application->run() /Users/fumio/Projects.localized/Jumilla/wordpress+/public/index.php:28
[08-Jun-2015 05:13:46 UTC] PHP   4. Laravel\Lumen\Application->dispatch() /Users/fumio/Projects.localized/Jumilla/wordpress+/vendor/laravel/lumen-framework/src/Application.php:1037
[08-Jun-2015 05:13:46 UTC] PHP   5. Laravel\Lumen\Application->sendThroughPipeline() /Users/fumio/Projects.localized/Jumilla/wordpress+/vendor/laravel/lumen-framework/src/Application.php:1099
[08-Jun-2015 05:13:46 UTC] PHP   6. Laravel\Lumen\Application->Laravel\Lumen\{closure}() /Users/fumio/Projects.localized/Jumilla/wordpress+/vendor/laravel/lumen-framework/src/Application.php:1320
[08-Jun-2015 05:13:46 UTC] PHP   7. Laravel\Lumen\Application->handleFoundRoute() /Users/fumio/Projects.localized/Jumilla/wordpress+/vendor/laravel/lumen-framework/src/Application.php:1093
[08-Jun-2015 05:13:46 UTC] PHP   8. Laravel\Lumen\Application->callActionOnArrayBasedRoute() /Users/fumio/Projects.localized/Jumilla/wordpress+/vendor/laravel/lumen-framework/src/Application.php:1171
[08-Jun-2015 05:13:46 UTC] PHP   9. Laravel\Lumen\Application->callControllerAction() /Users/fumio/Projects.localized/Jumilla/wordpress+/vendor/laravel/lumen-framework/src/Application.php:1186
[08-Jun-2015 05:13:46 UTC] PHP  10. Laravel\Lumen\Application->callLumenController() /Users/fumio/Projects.localized/Jumilla/wordpress+/vendor/laravel/lumen-framework/src/Application.php:1218
[08-Jun-2015 05:13:46 UTC] PHP  11. Laravel\Lumen\Application->callControllerCallable() /Users/fumio/Projects.localized/Jumilla/wordpress+/vendor/laravel/lumen-framework/src/Application.php:1247
[08-Jun-2015 05:13:46 UTC] PHP  12. Illuminate\Container\Container->call() /Users/fumio/Projects.localized/Jumilla/wordpress+/vendor/laravel/lumen-framework/src/Application.php:1282
[08-Jun-2015 05:13:46 UTC] PHP  13. call_user_func_array:{/Users/fumio/Projects.localized/Jumilla/wordpress+/vendor/illuminate/container/Container.php:523}() /Users/fumio/Projects.localized/Jumilla/wordpress+/vendor/illuminate/container/Container.php:523
[08-Jun-2015 05:13:46 UTC] PHP  14. App\Http\Controllers\WordPressAdminController->pluginInstall() /Users/fumio/Projects.localized/Jumilla/wordpress+/vendor/illuminate/container/Container.php:523
[08-Jun-2015 05:13:46 UTC] PHP  15. require_once() /Users/fumio/Projects.localized/Jumilla/wordpress+/app/Http/Controllers/WordPressAdminController.php:69
[08-Jun-2015 05:13:46 UTC] PHP  16. do_action() /Users/fumio/Projects.localized/Jumilla/wordpress+/wordpress/wp-admin/plugin-install.php:129
[08-Jun-2015 05:13:46 UTC] PHP  17. call_user_func_array:{/Users/fumio/Projects.localized/Jumilla/wordpress+/wordpress/wp-includes/plugin.php:496}() /Users/fumio/Projects.localized/Jumilla/wordpress+/wordpress/wp-includes/plugin.php:496
[08-Jun-2015 05:13:46 UTC] PHP  18. display_plugins_table() /Users/fumio/Projects.localized/Jumilla/wordpress+/wordpress/wp-includes/plugin.php:496
[08-Jun-2015 05:14:51 UTC] PHP Fatal error:  Call to a member function display() on null in /Users/fumio/Projects.localized/Jumilla/wordpress+/wordpress/wp-admin/includes/plugin-install.php on line 255
[08-Jun-2015 05:14:51 UTC] PHP Stack trace:
[08-Jun-2015 05:14:51 UTC] PHP   1. {main}() /Users/fumio/Projects.localized/Jumilla/wordpress+/server.php:0
[08-Jun-2015 05:14:51 UTC] PHP   2. require_once() /Users/fumio/Projects.localized/Jumilla/wordpress+/server.php:12
[08-Jun-2015 05:14:51 UTC] PHP   3. Laravel\Lumen\Application->run() /Users/fumio/Projects.localized/Jumilla/wordpress+/public/index.php:28
[08-Jun-2015 05:14:51 UTC] PHP   4. Laravel\Lumen\Application->dispatch() /Users/fumio/Projects.localized/Jumilla/wordpress+/vendor/laravel/lumen-framework/src/Application.php:1037
[08-Jun-2015 05:14:51 UTC] PHP   5. Laravel\Lumen\Application->sendThroughPipeline() /Users/fumio/Projects.localized/Jumilla/wordpress+/vendor/laravel/lumen-framework/src/Application.php:1099
[08-Jun-2015 05:14:51 UTC] PHP   6. Laravel\Lumen\Application->Laravel\Lumen\{closure}() /Users/fumio/Projects.localized/Jumilla/wordpress+/vendor/laravel/lumen-framework/src/Application.php:1320
[08-Jun-2015 05:14:51 UTC] PHP   7. Laravel\Lumen\Application->handleFoundRoute() /Users/fumio/Projects.localized/Jumilla/wordpress+/vendor/laravel/lumen-framework/src/Application.php:1093
[08-Jun-2015 05:14:51 UTC] PHP   8. Laravel\Lumen\Application->callActionOnArrayBasedRoute() /Users/fumio/Projects.localized/Jumilla/wordpress+/vendor/laravel/lumen-framework/src/Application.php:1171
[08-Jun-2015 05:14:51 UTC] PHP   9. Laravel\Lumen\Application->callControllerAction() /Users/fumio/Projects.localized/Jumilla/wordpress+/vendor/laravel/lumen-framework/src/Application.php:1186
[08-Jun-2015 05:14:51 UTC] PHP  10. Laravel\Lumen\Application->callLumenController() /Users/fumio/Projects.localized/Jumilla/wordpress+/vendor/laravel/lumen-framework/src/Application.php:1218
[08-Jun-2015 05:14:51 UTC] PHP  11. Laravel\Lumen\Application->callControllerCallable() /Users/fumio/Projects.localized/Jumilla/wordpress+/vendor/laravel/lumen-framework/src/Application.php:1247
[08-Jun-2015 05:14:51 UTC] PHP  12. Illuminate\Container\Container->call() /Users/fumio/Projects.localized/Jumilla/wordpress+/vendor/laravel/lumen-framework/src/Application.php:1282
[08-Jun-2015 05:14:51 UTC] PHP  13. call_user_func_array:{/Users/fumio/Projects.localized/Jumilla/wordpress+/vendor/illuminate/container/Container.php:523}() /Users/fumio/Projects.localized/Jumilla/wordpress+/vendor/illuminate/container/Container.php:523
[08-Jun-2015 05:14:51 UTC] PHP  14. App\Http\Controllers\WordPressAdminController->pluginInstall() /Users/fumio/Projects.localized/Jumilla/wordpress+/vendor/illuminate/container/Container.php:523
[08-Jun-2015 05:14:51 UTC] PHP  15. require_once() /Users/fumio/Projects.localized/Jumilla/wordpress+/app/Http/Controllers/WordPressAdminController.php:70
[08-Jun-2015 05:14:51 UTC] PHP  16. do_action() /Users/fumio/Projects.localized/Jumilla/wordpress+/wordpress/wp-admin/plugin-install.php:129
[08-Jun-2015 05:14:51 UTC] PHP  17. call_user_func_array:{/Users/fumio/Projects.localized/Jumilla/wordpress+/wordpress/wp-includes/plugin.php:496}() /Users/fumio/Projects.localized/Jumilla/wordpress+/wordpress/wp-includes/plugin.php:496
[08-Jun-2015 05:14:51 UTC] PHP  18. install_dashboard() /Users/fumio/Projects.localized/Jumilla/wordpress+/wordpress/wp-includes/plugin.php:496
[08-Jun-2015 05:14:51 UTC] PHP  19. display_plugins_table() /Users/fumio/Projects.localized/Jumilla/wordpress+/wordpress/wp-admin/includes/plugin-install.php:137
[08-Jun-2015 05:18:41 UTC] PHP Fatal error:  Call to a member function display() on null in /Users/fumio/Projects.localized/Jumilla/wordpress+/wordpress/wp-admin/includes/plugin-install.php on line 255
[08-Jun-2015 05:18:41 UTC] PHP Stack trace:
[08-Jun-2015 05:18:41 UTC] PHP   1. {main}() /Users/fumio/Projects.localized/Jumilla/wordpress+/server.php:0
[08-Jun-2015 05:18:41 UTC] PHP   2. require_once() /Users/fumio/Projects.localized/Jumilla/wordpress+/server.php:12
[08-Jun-2015 05:18:41 UTC] PHP   3. Laravel\Lumen\Application->run() /Users/fumio/Projects.localized/Jumilla/wordpress+/public/index.php:28
[08-Jun-2015 05:18:41 UTC] PHP   4. Laravel\Lumen\Application->dispatch() /Users/fumio/Projects.localized/Jumilla/wordpress+/vendor/laravel/lumen-framework/src/Application.php:1037
[08-Jun-2015 05:18:41 UTC] PHP   5. Laravel\Lumen\Application->sendThroughPipeline() /Users/fumio/Projects.localized/Jumilla/wordpress+/vendor/laravel/lumen-framework/src/Application.php:1099
[08-Jun-2015 05:18:41 UTC] PHP   6. Laravel\Lumen\Application->Laravel\Lumen\{closure}() /Users/fumio/Projects.localized/Jumilla/wordpress+/vendor/laravel/lumen-framework/src/Application.php:1320
[08-Jun-2015 05:18:41 UTC] PHP   7. Laravel\Lumen\Application->handleFoundRoute() /Users/fumio/Projects.localized/Jumilla/wordpress+/vendor/laravel/lumen-framework/src/Application.php:1093
[08-Jun-2015 05:18:41 UTC] PHP   8. Laravel\Lumen\Application->callActionOnArrayBasedRoute() /Users/fumio/Projects.localized/Jumilla/wordpress+/vendor/laravel/lumen-framework/src/Application.php:1171
[08-Jun-2015 05:18:41 UTC] PHP   9. Laravel\Lumen\Application->callControllerAction() /Users/fumio/Projects.localized/Jumilla/wordpress+/vendor/laravel/lumen-framework/src/Application.php:1186
[08-Jun-2015 05:18:41 UTC] PHP  10. Laravel\Lumen\Application->callLumenController() /Users/fumio/Projects.localized/Jumilla/wordpress+/vendor/laravel/lumen-framework/src/Application.php:1218
[08-Jun-2015 05:18:41 UTC] PHP  11. Laravel\Lumen\Application->callControllerCallable() /Users/fumio/Projects.localized/Jumilla/wordpress+/vendor/laravel/lumen-framework/src/Application.php:1247
[08-Jun-2015 05:18:41 UTC] PHP  12. Illuminate\Container\Container->call() /Users/fumio/Projects.localized/Jumilla/wordpress+/vendor/laravel/lumen-framework/src/Application.php:1282
[08-Jun-2015 05:18:41 UTC] PHP  13. call_user_func_array:{/Users/fumio/Projects.localized/Jumilla/wordpress+/vendor/illuminate/container/Container.php:523}() /Users/fumio/Projects.localized/Jumilla/wordpress+/vendor/illuminate/container/Container.php:523
[08-Jun-2015 05:18:41 UTC] PHP  14. App\Http\Controllers\WordPressAdminController->pluginInstall() /Users/fumio/Projects.localized/Jumilla/wordpress+/vendor/illuminate/container/Container.php:523
[08-Jun-2015 05:18:41 UTC] PHP  15. require_once() /Users/fumio/Projects.localized/Jumilla/wordpress+/app/Http/Controllers/WordPressAdminController.php:70
[08-Jun-2015 05:18:41 UTC] PHP  16. do_action() /Users/fumio/Projects.localized/Jumilla/wordpress+/wordpress/wp-admin/plugin-install.php:130
[08-Jun-2015 05:18:41 UTC] PHP  17. call_user_func_array:{/Users/fumio/Projects.localized/Jumilla/wordpress+/wordpress/wp-includes/plugin.php:496}() /Users/fumio/Projects.localized/Jumilla/wordpress+/wordpress/wp-includes/plugin.php:496
[08-Jun-2015 05:18:41 UTC] PHP  18. install_dashboard() /Users/fumio/Projects.localized/Jumilla/wordpress+/wordpress/wp-includes/plugin.php:496
[08-Jun-2015 05:18:41 UTC] PHP  19. display_plugins_table() /Users/fumio/Projects.localized/Jumilla/wordpress+/wordpress/wp-admin/includes/plugin-install.php:137
[08-Jun-2015 05:20:59 UTC] PHP Fatal error:  Call to a member function display() on null in /Users/fumio/Projects.localized/Jumilla/wordpress+/wordpress/wp-admin/includes/plugin-install.php on line 255
[08-Jun-2015 05:20:59 UTC] PHP Stack trace:
[08-Jun-2015 05:20:59 UTC] PHP   1. {main}() /Users/fumio/Projects.localized/Jumilla/wordpress+/server.php:0
[08-Jun-2015 05:20:59 UTC] PHP   2. require_once() /Users/fumio/Projects.localized/Jumilla/wordpress+/server.php:12
[08-Jun-2015 05:20:59 UTC] PHP   3. Laravel\Lumen\Application->run() /Users/fumio/Projects.localized/Jumilla/wordpress+/public/index.php:28
[08-Jun-2015 05:20:59 UTC] PHP   4. Laravel\Lumen\Application->dispatch() /Users/fumio/Projects.localized/Jumilla/wordpress+/vendor/laravel/lumen-framework/src/Application.php:1037
[08-Jun-2015 05:20:59 UTC] PHP   5. Laravel\Lumen\Application->sendThroughPipeline() /Users/fumio/Projects.localized/Jumilla/wordpress+/vendor/laravel/lumen-framework/src/Application.php:1099
[08-Jun-2015 05:20:59 UTC] PHP   6. Laravel\Lumen\Application->Laravel\Lumen\{closure}() /Users/fumio/Projects.localized/Jumilla/wordpress+/vendor/laravel/lumen-framework/src/Application.php:1320
[08-Jun-2015 05:20:59 UTC] PHP   7. Laravel\Lumen\Application->handleFoundRoute() /Users/fumio/Projects.localized/Jumilla/wordpress+/vendor/laravel/lumen-framework/src/Application.php:1093
[08-Jun-2015 05:20:59 UTC] PHP   8. Laravel\Lumen\Application->callActionOnArrayBasedRoute() /Users/fumio/Projects.localized/Jumilla/wordpress+/vendor/laravel/lumen-framework/src/Application.php:1171
[08-Jun-2015 05:20:59 UTC] PHP   9. Laravel\Lumen\Application->callControllerAction() /Users/fumio/Projects.localized/Jumilla/wordpress+/vendor/laravel/lumen-framework/src/Application.php:1186
[08-Jun-2015 05:20:59 UTC] PHP  10. Laravel\Lumen\Application->callLumenController() /Users/fumio/Projects.localized/Jumilla/wordpress+/vendor/laravel/lumen-framework/src/Application.php:1218
[08-Jun-2015 05:20:59 UTC] PHP  11. Laravel\Lumen\Application->callControllerCallable() /Users/fumio/Projects.localized/Jumilla/wordpress+/vendor/laravel/lumen-framework/src/Application.php:1247
[08-Jun-2015 05:20:59 UTC] PHP  12. Illuminate\Container\Container->call() /Users/fumio/Projects.localized/Jumilla/wordpress+/vendor/laravel/lumen-framework/src/Application.php:1282
[08-Jun-2015 05:20:59 UTC] PHP  13. call_user_func_array:{/Users/fumio/Projects.localized/Jumilla/wordpress+/vendor/illuminate/container/Container.php:523}() /Users/fumio/Projects.localized/Jumilla/wordpress+/vendor/illuminate/container/Container.php:523
[08-Jun-2015 05:20:59 UTC] PHP  14. App\Http\Controllers\WordPressAdminController->pluginInstall() /Users/fumio/Projects.localized/Jumilla/wordpress+/vendor/illuminate/container/Container.php:523
[08-Jun-2015 05:20:59 UTC] PHP  15. require_once() /Users/fumio/Projects.localized/Jumilla/wordpress+/app/Http/Controllers/WordPressAdminController.php:70
[08-Jun-2015 05:20:59 UTC] PHP  16. do_action() /Users/fumio/Projects.localized/Jumilla/wordpress+/wordpress/wp-admin/plugin-install.php:130
[08-Jun-2015 05:20:59 UTC] PHP  17. call_user_func_array:{/Users/fumio/Projects.localized/Jumilla/wordpress+/wordpress/wp-includes/plugin.php:496}() /Users/fumio/Projects.localized/Jumilla/wordpress+/wordpress/wp-includes/plugin.php:496
[08-Jun-2015 05:20:59 UTC] PHP  18. install_dashboard() /Users/fumio/Projects.localized/Jumilla/wordpress+/wordpress/wp-includes/plugin.php:496
[08-Jun-2015 05:20:59 UTC] PHP  19. display_plugins_table() /Users/fumio/Projects.localized/Jumilla/wordpress+/wordpress/wp-admin/includes/plugin-install.php:137
[08-Jun-2015 05:23:16 UTC] PHP Fatal error:  Call to a member function display() on null in /Users/fumio/Projects.localized/Jumilla/wordpress+/wordpress/wp-admin/includes/plugin-install.php on line 256
[08-Jun-2015 05:23:16 UTC] PHP Stack trace:
[08-Jun-2015 05:23:16 UTC] PHP   1. {main}() /Users/fumio/Projects.localized/Jumilla/wordpress+/server.php:0
[08-Jun-2015 05:23:16 UTC] PHP   2. require_once() /Users/fumio/Projects.localized/Jumilla/wordpress+/server.php:12
[08-Jun-2015 05:23:16 UTC] PHP   3. Laravel\Lumen\Application->run() /Users/fumio/Projects.localized/Jumilla/wordpress+/public/index.php:28
[08-Jun-2015 05:23:16 UTC] PHP   4. Laravel\Lumen\Application->dispatch() /Users/fumio/Projects.localized/Jumilla/wordpress+/vendor/laravel/lumen-framework/src/Application.php:1037
[08-Jun-2015 05:23:16 UTC] PHP   5. Laravel\Lumen\Application->sendThroughPipeline() /Users/fumio/Projects.localized/Jumilla/wordpress+/vendor/laravel/lumen-framework/src/Application.php:1099
[08-Jun-2015 05:23:16 UTC] PHP   6. Laravel\Lumen\Application->Laravel\Lumen\{closure}() /Users/fumio/Projects.localized/Jumilla/wordpress+/vendor/laravel/lumen-framework/src/Application.php:1320
[08-Jun-2015 05:23:16 UTC] PHP   7. Laravel\Lumen\Application->handleFoundRoute() /Users/fumio/Projects.localized/Jumilla/wordpress+/vendor/laravel/lumen-framework/src/Application.php:1093
[08-Jun-2015 05:23:16 UTC] PHP   8. Laravel\Lumen\Application->callActionOnArrayBasedRoute() /Users/fumio/Projects.localized/Jumilla/wordpress+/vendor/laravel/lumen-framework/src/Application.php:1171
[08-Jun-2015 05:23:16 UTC] PHP   9. Laravel\Lumen\Application->callControllerAction() /Users/fumio/Projects.localized/Jumilla/wordpress+/vendor/laravel/lumen-framework/src/Application.php:1186
[08-Jun-2015 05:23:16 UTC] PHP  10. Laravel\Lumen\Application->callLumenController() /Users/fumio/Projects.localized/Jumilla/wordpress+/vendor/laravel/lumen-framework/src/Application.php:1218
[08-Jun-2015 05:23:16 UTC] PHP  11. Laravel\Lumen\Application->callControllerCallable() /Users/fumio/Projects.localized/Jumilla/wordpress+/vendor/laravel/lumen-framework/src/Application.php:1247
[08-Jun-2015 05:23:16 UTC] PHP  12. Illuminate\Container\Container->call() /Users/fumio/Projects.localized/Jumilla/wordpress+/vendor/laravel/lumen-framework/src/Application.php:1282
[08-Jun-2015 05:23:16 UTC] PHP  13. call_user_func_array:{/Users/fumio/Projects.localized/Jumilla/wordpress+/vendor/illuminate/container/Container.php:523}() /Users/fumio/Projects.localized/Jumilla/wordpress+/vendor/illuminate/container/Container.php:523
[08-Jun-2015 05:23:16 UTC] PHP  14. App\Http\Controllers\WordPressAdminController->pluginInstall() /Users/fumio/Projects.localized/Jumilla/wordpress+/vendor/illuminate/container/Container.php:523
[08-Jun-2015 05:23:16 UTC] PHP  15. require_once() /Users/fumio/Projects.localized/Jumilla/wordpress+/app/Http/Controllers/WordPressAdminController.php:70
[08-Jun-2015 05:23:16 UTC] PHP  16. do_action() /Users/fumio/Projects.localized/Jumilla/wordpress+/wordpress/wp-admin/plugin-install.php:130
[08-Jun-2015 05:23:16 UTC] PHP  17. call_user_func_array:{/Users/fumio/Projects.localized/Jumilla/wordpress+/wordpress/wp-includes/plugin.php:496}() /Users/fumio/Projects.localized/Jumilla/wordpress+/wordpress/wp-includes/plugin.php:496
[08-Jun-2015 05:23:16 UTC] PHP  18. install_dashboard() /Users/fumio/Projects.localized/Jumilla/wordpress+/wordpress/wp-includes/plugin.php:496
[08-Jun-2015 05:23:16 UTC] PHP  19. display_plugins_table() /Users/fumio/Projects.localized/Jumilla/wordpress+/wordpress/wp-admin/includes/plugin-install.php:137
